# JRE version: OpenJDK Runtime Environment Microsoft-8035246 (17.0.8+7) (build 17.0.8+7-LTS)
# Java VM: OpenJDK 64-Bit Server VM Microsoft-8035246 (17.0.8+7-LTS, mixed mode, sharing, tiered, compressed oops, compressed class ptrs, g1 gc, windows-amd64)
GC Precious Log:
 CPUs: 8 total, 8 available
 Memory: 20245M
 Large Page Support: Disabled
 NUMA Support: Disabled
 Compressed Oops: Enabled (32-bit)
 Heap Region Size: 1M
 Heap Min Capacity: 8M
 Heap Initial Capacity: 318M
 Heap Max Capacity: 2G
 Pre-touch: Disabled
 Parallel Workers: 8
 Concurrent Workers: 2
 Concurrent Refinement Workers: 8
 Periodic GC: Disabled
Heap:
 garbage-first heap   total 349184K, used 249251K [0x0000000080000000, 0x0000000100000000)
  region size 1024K, 39 young (39936K), 6 survivors (6144K)
 Metaspace       used 111164K, committed 112384K, reserved 557056K
  class space    used 15428K, committed 16000K, reserved 425984K
GC Heap History (20 events):
Event: 37.173 GC heap before
{Heap before GC invocations=37 (full 0):
 garbage-first heap   total 215040K, used 176660K [0x0000000080000000, 0x0000000100000000)
  region size 1024K, 30 young (30720K), 5 survivors (5120K)
 Metaspace       used 100876K, committed 101888K, reserved 557056K
  class space    used 14126K, committed 14656K, reserved 425984K
}
Event: 37.181 GC heap after
{Heap after GC invocations=38 (full 0):
 garbage-first heap   total 215040K, used 158711K [0x0000000080000000, 0x0000000100000000)
  region size 1024K, 4 young (4096K), 4 survivors (4096K)
 Metaspace       used 100876K, committed 101888K, reserved 557056K
  class space    used 14126K, committed 14656K, reserved 425984K
}
Event: 37.502 GC heap before
{Heap before GC invocations=38 (full 0):
 garbage-first heap   total 215040K, used 178167K [0x0000000080000000, 0x0000000100000000)
  region size 1024K, 23 young (23552K), 4 survivors (4096K)
 Metaspace       used 101093K, committed 102080K, reserved 557056K
  class space    used 14150K, committed 14656K, reserved 425984K
}
Event: 37.511 GC heap after
{Heap after GC invocations=39 (full 0):
 garbage-first heap   total 215040K, used 163115K [0x0000000080000000, 0x0000000100000000)
  region size 1024K, 3 young (3072K), 3 survivors (3072K)
 Metaspace       used 101093K, committed 102080K, reserved 557056K
  class space    used 14150K, committed 14656K, reserved 425984K
}
Event: 37.639 GC heap before
{Heap before GC invocations=39 (full 0):
 garbage-first heap   total 215040K, used 178475K [0x0000000080000000, 0x0000000100000000)
  region size 1024K, 19 young (19456K), 3 survivors (3072K)
 Metaspace       used 101166K, committed 102208K, reserved 557056K
  class space    used 14155K, committed 14656K, reserved 425984K
}
Event: 37.649 GC heap after
{Heap after GC invocations=40 (full 0):
 garbage-first heap   total 349184K, used 166912K [0x0000000080000000, 0x0000000100000000)
  region size 1024K, 3 young (3072K), 3 survivors (3072K)
 Metaspace       used 101166K, committed 102208K, reserved 557056K
  class space    used 14155K, committed 14656K, reserved 425984K
}
Event: 39.551 GC heap before
{Heap before GC invocations=40 (full 0):
 garbage-first heap   total 349184K, used 261120K [0x0000000080000000, 0x0000000100000000)
  region size 1024K, 93 young (95232K), 3 survivors (3072K)
 Metaspace       used 103433K, committed 104512K, reserved 557056K
  class space    used 14407K, committed 14912K, reserved 425984K
}
Event: 39.562 GC heap after
{Heap after GC invocations=41 (full 0):
 garbage-first heap   total 349184K, used 186314K [0x0000000080000000, 0x0000000100000000)
  region size 1024K, 12 young (12288K), 12 survivors (12288K)
 Metaspace       used 103433K, committed 104512K, reserved 557056K
  class space    used 14407K, committed 14912K, reserved 425984K
}
Event: 41.016 GC heap before
{Heap before GC invocations=41 (full 0):
 garbage-first heap   total 349184K, used 267210K [0x0000000080000000, 0x0000000100000000)
  region size 1024K, 91 young (93184K), 12 survivors (12288K)
 Metaspace       used 108616K, committed 109760K, reserved 557056K
  class space    used 15131K, committed 15680K, reserved 425984K
}
Event: 41.027 GC heap after
{Heap after GC invocations=42 (full 0):
 garbage-first heap   total 349184K, used 192861K [0x0000000080000000, 0x0000000100000000)
  region size 1024K, 6 young (6144K), 6 survivors (6144K)
 Metaspace       used 108616K, committed 109760K, reserved 557056K
  class space    used 15131K, committed 15680K, reserved 425984K
}
Event: 42.019 GC heap before
{Heap before GC invocations=42 (full 0):
 garbage-first heap   total 349184K, used 273757K [0x0000000080000000, 0x0000000100000000)
  region size 1024K, 85 young (87040K), 6 survivors (6144K)
 Metaspace       used 110045K, committed 111232K, reserved 557056K
  class space    used 15288K, committed 15872K, reserved 425984K
}
Event: 42.032 GC heap after
{Heap after GC invocations=43 (full 0):
 garbage-first heap   total 349184K, used 202075K [0x0000000080000000, 0x0000000100000000)
  region size 1024K, 11 young (11264K), 11 survivors (11264K)
 Metaspace       used 110045K, committed 111232K, reserved 557056K
  class space    used 15288K, committed 15872K, reserved 425984K
}
Event: 42.638 GC heap before
{Heap before GC invocations=43 (full 0):
 garbage-first heap   total 349184K, used 277851K [0x0000000080000000, 0x0000000100000000)
  region size 1024K, 86 young (88064K), 11 survivors (11264K)
 Metaspace       used 110838K, committed 112128K, reserved 557056K
  class space    used 15386K, committed 16000K, reserved 425984K
}
Event: 42.657 GC heap after
{Heap after GC invocations=44 (full 0):
 garbage-first heap   total 349184K, used 211305K [0x0000000080000000, 0x0000000100000000)
  region size 1024K, 9 young (9216K), 9 survivors (9216K)
 Metaspace       used 110838K, committed 112128K, reserved 557056K
  class space    used 15386K, committed 16000K, reserved 425984K
}
Event: 43.089 GC heap before
{Heap before GC invocations=44 (full 0):
 garbage-first heap   total 349184K, used 282985K [0x0000000080000000, 0x0000000100000000)
  region size 1024K, 79 young (80896K), 9 survivors (9216K)
 Metaspace       used 111162K, committed 112384K, reserved 557056K
  class space    used 15428K, committed 16000K, reserved 425984K
}
Event: 43.099 GC heap after
{Heap after GC invocations=45 (full 0):
 garbage-first heap   total 349184K, used 213666K [0x0000000080000000, 0x0000000100000000)
  region size 1024K, 6 young (6144K), 6 survivors (6144K)
 Metaspace       used 111162K, committed 112384K, reserved 557056K
  class space    used 15428K, committed 16000K, reserved 425984K
}
Event: 43.404 GC heap before
{Heap before GC invocations=45 (full 0):
 garbage-first heap   total 349184K, used 285346K [0x0000000080000000, 0x0000000100000000)
  region size 1024K, 77 young (78848K), 6 survivors (6144K)
 Metaspace       used 111164K, committed 112384K, reserved 557056K
  class space    used 15428K, committed 16000K, reserved 425984K
}
Event: 43.412 GC heap after
{Heap after GC invocations=46 (full 0):
 garbage-first heap   total 349184K, used 215023K [0x0000000080000000, 0x0000000100000000)
  region size 1024K, 7 young (7168K), 7 survivors (7168K)
 Metaspace       used 111164K, committed 112384K, reserved 557056K
  class space    used 15428K, committed 16000K, reserved 425984K
}
Event: 43.786 GC heap before
{Heap before GC invocations=46 (full 0):
 garbage-first heap   total 349184K, used 288751K [0x0000000080000000, 0x0000000100000000)
  region size 1024K, 79 young (80896K), 7 survivors (7168K)
 Metaspace       used 111164K, committed 112384K, reserved 557056K
  class space    used 15428K, committed 16000K, reserved 425984K
}
Event: 43.792 GC heap after
{Heap after GC invocations=47 (full 0):
 garbage-first heap   total 349184K, used 216483K [0x0000000080000000, 0x0000000100000000)
  region size 1024K, 6 young (6144K), 6 survivors (6144K)
 Metaspace       used 111164K, committed 112384K, reserved 557056K
  class space    used 15428K, committed 16000K, reserved 425984K
}

